<?xml version="1.0" encoding="UTF-8"?>
<!-- Generated by org.testng.reporters.JUnitReportReporter -->
<testsuite skipped="0" hostname="DESKTOP-87L7ASJ" name="script.TestLogin2" tests="2" failures="0" timestamp="14 Aug 2018 08:50:51 GMT" time="49.350" errors="0">
  <testcase name="ValidLog" time="26.727" classname="script.TestLogin2"/>
  <testcase name="ValidLog" time="22.623" classname="script.TestLogin2"/>
</testsuite> <!-- script.TestLogin2 -->
