<?xml version="1.0" encoding="UTF-8"?>
<!-- Generated by org.testng.reporters.JUnitReportReporter -->
<testsuite skipped="0" hostname="DESKTOP-87L7ASJ" name="script.TestHome" tests="2" failures="0" timestamp="25 Sep 2018 16:19:03 GMT" time="97.401" errors="0">
  <testcase name="ValidBook" time="45.709" classname="script.TestHome"/>
  <testcase name="ValidBook" time="51.692" classname="script.TestHome"/>
</testsuite> <!-- script.TestHome -->
