<?xml version="1.0" encoding="UTF-8"?>
<!-- Generated by org.testng.reporters.JUnitReportReporter -->
<testsuite skipped="0" hostname="DESKTOP-87L7ASJ" name="script.TestAccount" tests="2" failures="0" timestamp="18 Sep 2018 05:28:33 GMT" time="107.477" errors="0">
  <testcase name="testAccount" time="50.416" classname="script.TestAccount"/>
  <testcase name="testAccount" time="57.061" classname="script.TestAccount"/>
</testsuite> <!-- script.TestAccount -->
