<?xml version="1.0" encoding="UTF-8"?>
<!-- Generated by org.testng.reporters.JUnitReportReporter -->
<testsuite skipped="0" hostname="Mallaiah-PC" name="script.pick" tests="2" failures="0" timestamp="24 Jul 2018 07:38:56 GMT" time="0.005" errors="0">
  <testcase name="c" time="0.002" classname="script.pick"/>
  <testcase name="c" time="0.003" classname="script.pick"/>
</testsuite> <!-- script.pick -->
